<?xml version="1.0" encoding="UTF-8" ?>
<testsuite tests="4" failures="0" name="TestSuite" time="7.504" errors="0" skipped="0">
  <properties>
    <property name="java.runtime.name" value="Java(TM) SE Runtime Environment"/>
    <property name="java.vm.version" value="13.0.2+8"/>
    <property name="sun.boot.library.path" value="/Library/Java/JavaVirtualMachines/jdk-13.0.2.jdk/Contents/Home/lib"/>
    <property name="maven.multiModuleProjectDirectory" value="/Users/admin/eclipse-workspace/HRMSFramework"/>
    <property name="java.vm.vendor" value="Oracle Corporation"/>
    <property name="java.vendor.url" value="https://java.oracle.com/"/>
    <property name="guice.disable.misplaced.annotation.check" value="true"/>
    <property name="path.separator" value=":"/>
    <property name="java.vm.name" value="Java HotSpot(TM) 64-Bit Server VM"/>
    <property name="user.country" value="US"/>
    <property name="sun.java.launcher" value="SUN_STANDARD"/>
    <property name="java.vm.specification.name" value="Java Virtual Machine Specification"/>
    <property name="user.dir" value="/Users/admin/eclipse-workspace/HRMSFramework"/>
    <property name="java.vm.compressedOopsMode" value="Zero based"/>
    <property name="java.runtime.version" value="13.0.2+8"/>
    <property name="os.arch" value="x86_64"/>
    <property name="java.io.tmpdir" value="/var/folders/8f/qc1ypy794995m4vznm252bbh0000gn/T/"/>
    <property name="line.separator" value="
"/>
    <property name="java.vm.specification.vendor" value="Oracle Corporation"/>
    <property name="os.name" value="Mac OS X"/>
    <property name="classworlds.conf" value="/Users/admin/eclipse-workspace/.metadata/.plugins/org.eclipse.m2e.launching/launches/m2conf12365971265843574725.tmp"/>
    <property name="sun.jnu.encoding" value="UTF-8"/>
    <property name="java.library.path" value="/Users/admin/Library/Java/Extensions:/Library/Java/Extensions:/Network/Library/Java/Extensions:/System/Library/Java/Extensions:/usr/lib/java:."/>
    <property name="jdk.debug" value="release"/>
    <property name="java.class.version" value="57.0"/>
    <property name="java.specification.name" value="Java Platform API Specification"/>
    <property name="sun.management.compiler" value="HotSpot 64-Bit Tiered Compilers"/>
    <property name="os.version" value="10.15.4"/>
    <property name="http.nonProxyHosts" value="local|*.local|169.254/16|*.169.254/16"/>
    <property name="user.home" value="/Users/admin"/>
    <property name="user.timezone" value="America/Los_Angeles"/>
    <property name="file.encoding" value="UTF-8"/>
    <property name="java.specification.version" value="13"/>
    <property name="user.name" value="admin"/>
    <property name="java.class.path" value="/Users/admin/.p2/pool/plugins/org.eclipse.m2e.maven.runtime_1.14.0.20191209-1923/jars/plexus-classworlds-2.6.0.jar"/>
    <property name="java.vm.specification.version" value="13"/>
    <property name="sun.arch.data.model" value="64"/>
    <property name="sun.java.command" value="org.codehaus.plexus.classworlds.launcher.Launcher -B test"/>
    <property name="java.home" value="/Library/Java/JavaVirtualMachines/jdk-13.0.2.jdk/Contents/Home"/>
    <property name="user.language" value="en"/>
    <property name="java.specification.vendor" value="Oracle Corporation"/>
    <property name="java.vm.info" value="mixed mode, sharing"/>
    <property name="java.version" value="13.0.2"/>
    <property name="java.vendor" value="Oracle Corporation"/>
    <property name="maven.home" value="/Users/admin/eclipse-workspace/HRMSFramework/EMBEDDED"/>
    <property name="file.separator" value="/"/>
    <property name="java.version.date" value="2020-01-14"/>
    <property name="java.vendor.url.bug" value="https://bugreport.java.com/bugreport/"/>
    <property name="sun.io.unicode.encoding" value="UnicodeBig"/>
    <property name="sun.cpu.endian" value="little"/>
    <property name="socksNonProxyHosts" value="local|*.local|169.254/16|*.169.254/16"/>
    <property name="ftp.nonProxyHosts" value="local|*.local|169.254/16|*.169.254/16"/>
  </properties>
  <testcase classname="com.HRMS.testcases.LoginTest" name="emptyUserName" time="0.298"/>
  <testcase classname="com.HRMS.testcases.LoginTest" name="invalidCreden" time="0.609"/>
  <testcase classname="com.HRMS.testcases.LoginTest" name="validAdminLogin" time="1.956"/>
  <testcase classname="com.HRMS.testcases.dataProviderTest" name="HRMS" time="4.641"/>
</testsuite>