<?xml version="1.0" encoding="UTF-8"?>
<!-- Generated by org.testng.reporters.JUnitReportReporter -->
<testsuite hostname="admins-MacBook-Air.local" failures="0" tests="1" name="com.HRMS.testcases.DefineReport" time="16.769" errors="0" timestamp="2020-06-03T22:02:26 PDT" skipped="0">
  <testcase classname="com.HRMS.testcases.DefineReport" name="reports" time="16.769"/>
  <system-out/>
</testsuite> <!-- com.HRMS.testcases.DefineReport -->
