<?xml version="1.0" encoding="UTF-8"?>
<!-- Generated by org.testng.reporters.JUnitReportReporter -->
<testsuite hostname="admins-MacBook-Air.local" failures="0" tests="3" name="com.HRMS.testcases.HwData" time="49.503" errors="0" timestamp="2020-05-31T08:58:31 PDT" skipped="0">
  <testcase classname="com.HRMS.testcases.HwData" name="test" time="15.683"/>
  <system-out/>
  <testcase classname="com.HRMS.testcases.HwData" name="test" time="19.124"/>
  <system-out/>
  <testcase classname="com.HRMS.testcases.HwData" name="test" time="14.696"/>
  <system-out/>
</testsuite> <!-- com.HRMS.testcases.HwData -->
