<?xml version="1.0" encoding="UTF-8"?>
<!-- Generated by org.testng.reporters.JUnitReportReporter -->
<testsuite hostname="admins-MacBook-Air.local" failures="0" tests="3" name="com.HRMS.testcases.HwData" time="22.423" errors="0" timestamp="2020-05-31T00:47:03 PDT" skipped="0">
  <testcase classname="com.HRMS.testcases.HwData" name="test" time="7.978"/>
  <system-out/>
  <testcase classname="com.HRMS.testcases.HwData" name="test" time="7.225"/>
  <system-out/>
  <testcase classname="com.HRMS.testcases.HwData" name="test" time="7.220"/>
  <system-out/>
</testsuite> <!-- com.HRMS.testcases.HwData -->
