<?xml version="1.0" encoding="UTF-8"?>
<!-- Generated by org.testng.reporters.JUnitReportReporter -->
<testsuite hostname="admins-MacBook-Air.local" failures="0" tests="1" name="com.HRMS.testcases.dataProviderTest" time="7.925" errors="0" timestamp="2020-05-31T09:29:52 PDT" skipped="0">
  <testcase classname="com.HRMS.testcases.dataProviderTest" name="HRMS" time="7.925"/>
  <system-out/>
</testsuite> <!-- com.HRMS.testcases.dataProviderTest -->
