<?xml version="1.0" encoding="UTF-8"?>
<!-- Generated by org.testng.reporters.JUnitReportReporter -->
<testsuite hostname="admins-MacBook-Air.local" failures="0" tests="3" name="com.HRMS.testcases.HwData" time="38.785" errors="0" timestamp="2020-05-31T12:33:45 PDT" skipped="0">
  <testcase classname="com.HRMS.testcases.HwData" name="addEmp" time="11.787"/>
  <system-out/>
  <testcase classname="com.HRMS.testcases.HwData" name="addEmp" time="11.501"/>
  <system-out/>
  <testcase classname="com.HRMS.testcases.HwData" name="addEmp" time="15.497"/>
  <system-out/>
</testsuite> <!-- com.HRMS.testcases.HwData -->
