<?xml version="1.0" encoding="UTF-8"?>
<!-- Generated by org.testng.reporters.JUnitReportReporter -->
<testsuite hostname="admins-MacBook-Air.local" failures="0" tests="2" name="com.HRMS.testcases.LoginTest" time="5.194" errors="0" timestamp="2020-05-31T00:47:03 PDT" skipped="0">
  <testcase classname="com.HRMS.testcases.LoginTest" name="emptyUserName" time="2.153"/>
  <system-out/>
  <testcase classname="com.HRMS.testcases.LoginTest" name="invalidCreden" time="3.041"/>
  <system-out/>
</testsuite> <!-- com.HRMS.testcases.LoginTest -->
