<?xml version="1.0" encoding="UTF-8"?>
<!-- Generated by org.testng.reporters.JUnitReportReporter -->
<testsuite hostname="admins-MacBook-Air.local" failures="0" tests="3" name="com.HRMS.testcases.LoginTest" time="8.597" errors="0" timestamp="2020-05-31T01:18:51 PDT" skipped="0">
  <testcase classname="com.HRMS.testcases.LoginTest" name="invalidCreden" time="2.373"/>
  <system-out/>
  <testcase classname="com.HRMS.testcases.LoginTest" name="validAdminLogin" time="3.741"/>
  <system-out/>
  <testcase classname="com.HRMS.testcases.LoginTest" name="emptyUserName" time="2.483"/>
  <system-out/>
</testsuite> <!-- com.HRMS.testcases.LoginTest -->
