<?xml version="1.0" encoding="UTF-8"?>
<!-- Generated by org.testng.reporters.JUnitReportReporter -->
<testsuite hostname="admins-MacBook-Air.local" failures="0" tests="2" name="com.HRMS.testcases.LoginTest" time="11.502" errors="0" timestamp="2020-06-02T17:58:46 PDT" skipped="0">
  <testcase classname="com.HRMS.testcases.LoginTest" name="invalidCreden" time="5.759"/>
  <system-out/>
  <testcase classname="com.HRMS.testcases.LoginTest" name="emptyUserName" time="5.743"/>
  <system-out/>
</testsuite> <!-- com.HRMS.testcases.LoginTest -->
