<?xml version="1.0" encoding="UTF-8"?>
<!-- Generated by org.testng.reporters.JUnitReportReporter -->
<testsuite hostname="admins-MacBook-Air.local" failures="0" tests="1" name="com.HRMS.testcases.dataProviderTest" time="6.495" errors="0" timestamp="2020-05-31T01:18:51 PDT" skipped="0">
  <testcase classname="com.HRMS.testcases.dataProviderTest" name="HRMS" time="6.495"/>
  <system-out/>
</testsuite> <!-- com.HRMS.testcases.dataProviderTest -->
